

Microchip Technology PIC18 LITE Macro Assembler V1.30 build 55553 
                                                                                               Mon Jun 16 17:34:08 2014

Microchip Technology Omniscient Code Generator (Lite mode) build 55553
     1                           	processor	18F45K80
     2                           	fnconf	rparam,??,?,0
     3                           	opt	pw 120
     4                           	opt	lm
     5                           	psect	intcodelo,global,reloc=2,class=CODE,delta=1
     6                           	psect	cinit,global,reloc=2,class=CODE,delta=1
     7                           	psect	bssCOMRAM,global,class=COMRAM,space=1,delta=1
     8                           	psect	cstackCOMRAM,global,class=COMRAM,space=1,delta=1
     9                           	psect	text0,global,reloc=2,class=CODE,delta=1
    10                           	psect	text1,global,reloc=2,class=CODE,delta=1
    11                           	psect	text2,global,reloc=2,class=CODE,delta=1
    12                           	psect	text3,global,reloc=2,class=CODE,delta=1
    13                           	psect	text4,global,reloc=2,class=CODE,delta=1
    14                           	psect	text5,global,reloc=2,class=CODE,delta=1
    15                           	psect	intcode,global,reloc=2,class=CODE,delta=1
    16                           	psect	intcode_body,global,reloc=2,class=CODE,delta=1
    17                           	psect	intsave_regs,global,class=BIGRAM,space=1,delta=1
    18                           	psect	rparam,global,class=COMRAM,space=1,delta=1
    19  0000                     _ADCON0	set	4034
    20  0000                     _ADCON0bits	set	4034
    21  0000                     _ADCON1	set	4033
    22  0000                     _ADCON2	set	4032
    23  0000                     _BRGCON1	set	3651
    24  0000                     _BRGCON2	set	3652
    25  0000                     _BRGCON3	set	3653
    26  0000                     _CANCON	set	3951
    27  0000                     _CANSTAT	set	3950
    28  0000                     _CIOCON	set	3952
    29  0000                     _INTCONbits	set	4082
    30  0000                     _OSCCONbits	set	4051
    31  0000                     _PIE1	set	3997
    32  0000                     _PIE1bits	set	3997
    33  0000                     _PIR1bits	set	3998
    34  0000                     _PORTCbits	set	3970
    35  0000                     _PORTDbits	set	3971
    36  0000                     _PORTEbits	set	3972
    37  0000                     _RCSTA1	set	4011
    38  0000                     _RCSTA1bits	set	4011
    39  0000                     _RXF0SIDH	set	3808
    40  0000                     _RXF0SIDL	set	3809
    41  0000                     _RXF1SIDH	set	3812
    42  0000                     _RXF1SIDL	set	3813
    43  0000                     _RXF2SIDH	set	3816
    44  0000                     _RXF2SIDL	set	3817
    45  0000                     _RXF3SIDH	set	3820
    46  0000                     _RXF3SIDL	set	3821
    47  0000                     _RXF4SIDH	set	3824
    48  0000                     _RXF4SIDL	set	3825
    49  0000                     _RXF5SIDH	set	3828
    50  0000                     _RXF5SIDL	set	3829
    51  0000                     _RXM0SIDH	set	3832
    52  0000                     _RXM0SIDL	set	3833
    53  0000                     _RXM1SIDH	set	3836
    54  0000                     _RXM1SIDL	set	3837
    55  0000                     _SPBRG1	set	4015
    56  0000                     _SPBRGH1	set	3965
    57  0000                     _TRISC	set	3988
    58  0000                     _TRISD	set	3989
    59  0000                     _TRISE	set	3990
    60  0000                     _TXSTA1	set	4012
    61  0000                     _TXSTA1bits	set	4012
    62  0000                     _IRXIF	set	31679
    63  0000                     _MDSEL0	set	31638
    64  0000                     _MDSEL1	set	31639
    65  0000                     _RXB0FILHIT0	set	31488
    66  0000                     _RXB0FUL	set	31495
    67  0000                     _RXB0IF	set	31672
    68  0000                     _RXB0OVFL	set	31631
    69  0000                     _RXB1FUL	set	31111
    70  0000                     _RXB1IF	set	31673
    71  0000                     _RXB1OVFL	set	31630
    72                           
    73 ;; *************** function _low_isr *****************
    74 ;; Defined at:
    75 ;;		line 67 in file "interrupts.c"
    76 ;; Parameters:    Size  Location     Type
    77 ;;		None
    78 ;; Auto vars:     Size  Location     Type
    79 ;;		None
    80 ;; Return value:  Size  Location     Type
    81 ;;		None               void
    82 ;; Registers used:
    83 ;;		None
    84 ;; Tracked objects:
    85 ;;		On entry : 0/0
    86 ;;		On exit  : 0/0
    87 ;;		Unchanged: 0/0
    88 ;; Data sizes:     COMRAM   BANK0   BANK1   BANK2   BANK3   BANK4   BANK5   BANK6   BANK7   BANK8   BANK9  BANK10  BANK1
      +1  BANK12  BANK13  BANK14
    89 ;;      Params:         0       0       0       0       0       0       0       0       0       0       0       0       
      +0       0       0       0
    90 ;;      Locals:         0       0       0       0       0       0       0       0       0       0       0       0       
      +0       0       0       0
    91 ;;      Temps:         17       0       0       0       0       0       0       0       0       0       0       0       
      +0       0       0       0
    92 ;;      Totals:        17       0       0       0       0       0       0       0       0       0       0       0       
      +0       0       0       0
    93 ;;Total ram usage:       17 bytes
    94 ;; Hardware stack levels used:    1
    95 ;; Hardware stack levels required when called:    1
    96 ;; This function calls:
    97 ;;		Nothing
    98 ;; This function is called by:
    99 ;;		Interrupt level 1
   100 ;; This function uses a non-reentrant model
   101 ;;
   102                           
   103                           	psect	intcodelo
   104  000018                     __pintcodelo:
   105                           	opt stack 0
   106  0000                     _TXB2CON	set	3840
   107  0000                     _TXB1CON	set	3856
   108  0000                     _TXB0CON	set	3872
   109  0000                     _RXB1CON	set	3888
   110  0000                     _RXB0CON	set	3936
   111  0000                     _RXM1EXIDEN	set	30699
   112  0000                     _RXM0EXIDM	set	30667
   113  0000                     
   114                           ; #config settings
   115  000018                     _low_isr:
   116                           	opt stack 27
   117                           
   118                           ;incstack = 0
   119  000018  CFD8 F001          	movff	status,??_low_isr
   120  00001C  CFE8 F002          	movff	wreg,??_low_isr+1
   121  000020  CFE0 F003          	movff	bsr,??_low_isr+2
   122  000024  CFFA F004          	movff	pclath,??_low_isr+3
   123  000028  CFFB F005          	movff	pclatu,??_low_isr+4
   124  00002C  CFE9 F006          	movff	fsr0l,??_low_isr+5
   125  000030  CFEA F007          	movff	fsr0h,??_low_isr+6
   126  000034  CFE1 F008          	movff	fsr1l,??_low_isr+7
   127  000038  CFE2 F009          	movff	fsr1h,??_low_isr+8
   128  00003C  CFD9 F00A          	movff	fsr2l,??_low_isr+9
   129  000040  CFDA F00B          	movff	fsr2h,??_low_isr+10
   130  000044  CFF3 F00C          	movff	prodl,??_low_isr+11
   131  000048  CFF4 F00D          	movff	prodh,??_low_isr+12
   132  00004C  CFF6 F00E          	movff	tblptrl,??_low_isr+13
   133  000050  CFF7 F00F          	movff	tblptrh,??_low_isr+14
   134  000054  CFF8 F010          	movff	tblptru,??_low_isr+15
   135  000058  CFF5 F011          	movff	tablat,??_low_isr+16
   136  00005C  C011  FFF5         	movff	??_low_isr+16,tablat
   137  000060  C010  FFF8         	movff	??_low_isr+15,tblptru
   138  000064  C00F  FFF7         	movff	??_low_isr+14,tblptrh
   139  000068  C00E  FFF6         	movff	??_low_isr+13,tblptrl
   140  00006C  C00D  FFF4         	movff	??_low_isr+12,prodh
   141  000070  C00C  FFF3         	movff	??_low_isr+11,prodl
   142  000074  C00B  FFDA         	movff	??_low_isr+10,fsr2h
   143  000078  C00A  FFD9         	movff	??_low_isr+9,fsr2l
   144  00007C  C009  FFE2         	movff	??_low_isr+8,fsr1h
   145  000080  C008  FFE1         	movff	??_low_isr+7,fsr1l
   146  000084  C007  FFEA         	movff	??_low_isr+6,fsr0h
   147  000088  C006  FFE9         	movff	??_low_isr+5,fsr0l
   148  00008C  C005  FFFB         	movff	??_low_isr+4,pclatu
   149  000090  C004  FFFA         	movff	??_low_isr+3,pclath
   150  000094  C003  FFE0         	movff	??_low_isr+2,bsr
   151  000098  C002  FFE8         	movff	??_low_isr+1,wreg
   152  00009C  C001  FFD8         	movff	??_low_isr,status
   153  0000A0  0010               	retfie	
   154  0000A2                     __end_of_low_isr:
   155                           	opt stack 0
   156                           pclatu	equ	0xFFB
   157                           pclath	equ	0xFFA
   158                           tblptru	equ	0xFF8
   159                           tblptrh	equ	0xFF7
   160                           tblptrl	equ	0xFF6
   161                           tablat	equ	0xFF5
   162                           prodh	equ	0xFF4
   163                           prodl	equ	0xFF3
   164                           fsr0h	equ	0xFEA
   165                           fsr0l	equ	0xFE9
   166                           wreg	equ	0xFE8
   167                           fsr1h	equ	0xFE2
   168                           fsr1l	equ	0xFE1
   169                           bsr	equ	0xFE0
   170                           fsr2h	equ	0xFDA
   171                           fsr2l	equ	0xFD9
   172                           status	equ	0xFD8
   173                           
   174                           	psect	cinit
   175  0001A4                     __pcinit:
   176                           	opt stack 0
   177  0001A4                     start_initialization:
   178                           	opt stack 0
   179  0001A4                     __initialization:
   180                           	opt stack 0
   181                           
   182                           ; Clear objects allocated to COMRAM (1 bytes)
   183  0001A4  6A26               	clrf	__pbssCOMRAM& (0+255),c
   184  0001A6                     end_of_initialization:
   185                           	opt stack 0
   186  0001A6                     __end_of__initialization:
   187                           	opt stack 0
   188  0001A6  0100               	movlb	0
   189  0001A8  EFC2  F000         	goto	_main	;jump to C main() function
   190                           pclatu	equ	0xFFB
   191                           pclath	equ	0xFFA
   192                           tblptru	equ	0xFF8
   193                           tblptrh	equ	0xFF7
   194                           tblptrl	equ	0xFF6
   195                           tablat	equ	0xFF5
   196                           prodh	equ	0xFF4
   197                           prodl	equ	0xFF3
   198                           fsr0h	equ	0xFEA
   199                           fsr0l	equ	0xFE9
   200                           wreg	equ	0xFE8
   201                           fsr1h	equ	0xFE2
   202                           fsr1l	equ	0xFE1
   203                           bsr	equ	0xFE0
   204                           fsr2h	equ	0xFDA
   205                           fsr2l	equ	0xFD9
   206                           status	equ	0xFD8
   207                           
   208                           	psect	bssCOMRAM
   209  000026                     __pbssCOMRAM:
   210                           	opt stack 0
   211  000026                     __ECANRxFilterHitInfo:
   212                           	opt stack 0
   213  000026                     	ds	1
   214                           pclatu	equ	0xFFB
   215                           pclath	equ	0xFFA
   216                           tblptru	equ	0xFF8
   217                           tblptrh	equ	0xFF7
   218                           tblptrl	equ	0xFF6
   219                           tablat	equ	0xFF5
   220                           prodh	equ	0xFF4
   221                           prodl	equ	0xFF3
   222                           fsr0h	equ	0xFEA
   223                           fsr0l	equ	0xFE9
   224                           wreg	equ	0xFE8
   225                           fsr1h	equ	0xFE2
   226                           fsr1l	equ	0xFE1
   227                           bsr	equ	0xFE0
   228                           fsr2h	equ	0xFDA
   229                           fsr2l	equ	0xFD9
   230                           status	equ	0xFD8
   231                           
   232                           	psect	cstackCOMRAM
   233  000001                     __pcstackCOMRAM:
   234                           	opt stack 0
   235  000001                     ??_low_isr:
   236  000001                     
   237                           ; 0 bytes @ 0x0
   238  000001                     	ds	17
   239  000012                     ??_high_isr:
   240                           
   241                           ; 0 bytes @ 0x11
   242  000012                     	ds	14
   243  000020                     Open1USART@spbrg:
   244                           	opt stack 0
   245                           
   246                           ; 2 bytes @ 0x1F
   247  000020                     	ds	2
   248  000022                     ??_Open1USART:
   249                           
   250                           ; 0 bytes @ 0x21
   251  000022                     	ds	3
   252  000025                     Open1USART@config:
   253                           	opt stack 0
   254                           
   255                           ; 1 bytes @ 0x24
   256  000025                     	ds	1
   257  000026                     pclatu	equ	0xFFB
   258                           pclath	equ	0xFFA
   259                           tblptru	equ	0xFF8
   260                           tblptrh	equ	0xFF7
   261                           tblptrl	equ	0xFF6
   262                           tablat	equ	0xFF5
   263                           prodh	equ	0xFF4
   264                           prodl	equ	0xFF3
   265                           fsr0h	equ	0xFEA
   266                           fsr0l	equ	0xFE9
   267                           wreg	equ	0xFE8
   268                           fsr1h	equ	0xFE2
   269                           fsr1l	equ	0xFE1
   270                           bsr	equ	0xFE0
   271                           fsr2h	equ	0xFDA
   272                           fsr2l	equ	0xFD9
   273                           status	equ	0xFD8
   274                           
   275                           ; 0 bytes @ 0x25
   276 ;;
   277 ;;Main: autosize = 0, tempsize = 0, incstack = 0, save=0
   278 ;;
   279 ;; *************** function _main *****************
   280 ;; Defined at:
   281 ;;		line 37 in file "main.c"
   282 ;; Parameters:    Size  Location     Type
   283 ;;		None
   284 ;; Auto vars:     Size  Location     Type
   285 ;;		None
   286 ;; Return value:  Size  Location     Type
   287 ;;		None               void
   288 ;; Registers used:
   289 ;;		wreg, fsr0l, fsr0h, fsr1l, fsr1h, fsr1l, fsr1h, fsr2l, fsr2h, status,2, status,0, pclat, btemp, btemp+1, btemp+2, bt
      +emp+3, btemp+4, btemp+5, btemp+6, btemp+7, btemp+8, btemp+9, btemp+10, btemp+11, tosl, structret, tblptrl, tblptrh, tblp
      +tru, prodl, prodh, bsr, cstack
   290 ;; Tracked objects:
   291 ;;		On entry : 0/0
   292 ;;		On exit  : 0/0
   293 ;;		Unchanged: 0/0
   294 ;; Data sizes:     COMRAM   BANK0   BANK1   BANK2   BANK3   BANK4   BANK5   BANK6   BANK7   BANK8   BANK9  BANK10  BANK1
      +1  BANK12  BANK13  BANK14
   295 ;;      Params:         0       0       0       0       0       0       0       0       0       0       0       0       
      +0       0       0       0
   296 ;;      Locals:         0       0       0       0       0       0       0       0       0       0       0       0       
      +0       0       0       0
   297 ;;      Temps:          0       0       0       0       0       0       0       0       0       0       0       0       
      +0       0       0       0
   298 ;;      Totals:         0       0       0       0       0       0       0       0       0       0       0       0       
      +0       0       0       0
   299 ;;Total ram usage:        0 bytes
   300 ;; Hardware stack levels required when called:    4
   301 ;; This function calls:
   302 ;;		_CloseADC
   303 ;;		_ConfigureOscillator
   304 ;;		_ConfigureUSART1
   305 ;;		_InitApp
   306 ;; This function is called by:
   307 ;;		Startup code after reset
   308 ;; This function uses a non-reentrant model
   309 ;;
   310                           
   311                           	psect	text0
   312  000184                     __ptext0:
   313                           	opt stack 0
   314  000184                     _main:
   315                           	opt stack 27
   316                           
   317                           ;main.c: 40: ConfigureOscillator();
   318                           
   319                           ;incstack = 0
   320  000184  ECCB  F000         	call	_ConfigureOscillator	;wreg free
   321                           
   322                           ;main.c: 43: ConfigureUSART1();
   323  000188  ECB5  F000         	call	_ConfigureUSART1	;wreg free
   324                           
   325                           ;main.c: 46: InitApp();
   326  00018C  ECD9  F000         	call	_InitApp	;wreg free
   327  000190                     l19:
   328                           
   329                           ;main.c: 51: {
   330                           ;main.c: 53: CloseADC();
   331  000190  ECD6  F000         	call	_CloseADC	;wreg free
   332  000194  D7FD               	goto	l19
   333  000196                     __end_of_main:
   334                           	opt stack 0
   335                           pclatu	equ	0xFFB
   336                           pclath	equ	0xFFA
   337                           tblptru	equ	0xFF8
   338                           tblptrh	equ	0xFF7
   339                           tblptrl	equ	0xFF6
   340                           tablat	equ	0xFF5
   341                           prodh	equ	0xFF4
   342                           prodl	equ	0xFF3
   343                           fsr0h	equ	0xFEA
   344                           fsr0l	equ	0xFE9
   345                           wreg	equ	0xFE8
   346                           fsr1h	equ	0xFE2
   347                           fsr1l	equ	0xFE1
   348                           bsr	equ	0xFE0
   349                           fsr2h	equ	0xFDA
   350                           fsr2l	equ	0xFD9
   351                           status	equ	0xFD8
   352                           
   353 ;; *************** function _InitApp *****************
   354 ;; Defined at:
   355 ;;		line 28 in file "user.c"
   356 ;; Parameters:    Size  Location     Type
   357 ;;		None
   358 ;; Auto vars:     Size  Location     Type
   359 ;;		None
   360 ;; Return value:  Size  Location     Type
   361 ;;		None               void
   362 ;; Registers used:
   363 ;;		None
   364 ;; Tracked objects:
   365 ;;		On entry : 0/0
   366 ;;		On exit  : 0/0
   367 ;;		Unchanged: 0/0
   368 ;; Data sizes:     COMRAM   BANK0   BANK1   BANK2   BANK3   BANK4   BANK5   BANK6   BANK7   BANK8   BANK9  BANK10  BANK1
      +1  BANK12  BANK13  BANK14
   369 ;;      Params:         0       0       0       0       0       0       0       0       0       0       0       0       
      +0       0       0       0
   370 ;;      Locals:         0       0       0       0       0       0       0       0       0       0       0       0       
      +0       0       0       0
   371 ;;      Temps:          0       0       0       0       0       0       0       0       0       0       0       0       
      +0       0       0       0
   372 ;;      Totals:         0       0       0       0       0       0       0       0       0       0       0       0       
      +0       0       0       0
   373 ;;Total ram usage:        0 bytes
   374 ;; Hardware stack levels used:    1
   375 ;; Hardware stack levels required when called:    2
   376 ;; This function calls:
   377 ;;		Nothing
   378 ;; This function is called by:
   379 ;;		_main
   380 ;; This function uses a non-reentrant model
   381 ;;
   382                           
   383                           	psect	text1
   384  0001B2                     __ptext1:
   385                           	opt stack 0
   386  0001B2                     _InitApp:
   387                           	opt stack 28
   388                           
   389                           ;incstack = 0
   390  0001B2  0012               	return	
   391  0001B4                     __end_of_InitApp:
   392                           	opt stack 0
   393                           pclatu	equ	0xFFB
   394                           pclath	equ	0xFFA
   395                           tblptru	equ	0xFF8
   396                           tblptrh	equ	0xFF7
   397                           tblptrl	equ	0xFF6
   398                           tablat	equ	0xFF5
   399                           prodh	equ	0xFF4
   400                           prodl	equ	0xFF3
   401                           fsr0h	equ	0xFEA
   402                           fsr0l	equ	0xFE9
   403                           wreg	equ	0xFE8
   404                           fsr1h	equ	0xFE2
   405                           fsr1l	equ	0xFE1
   406                           bsr	equ	0xFE0
   407                           fsr2h	equ	0xFDA
   408                           fsr2l	equ	0xFD9
   409                           status	equ	0xFD8
   410                           
   411 ;; *************** function _ConfigureUSART1 *****************
   412 ;; Defined at:
   413 ;;		line 62 in file "system.c"
   414 ;; Parameters:    Size  Location     Type
   415 ;;		None
   416 ;; Auto vars:     Size  Location     Type
   417 ;;		None
   418 ;; Return value:  Size  Location     Type
   419 ;;		None               void
   420 ;; Registers used:
   421 ;;		wreg, fsr0l, fsr0h, fsr1l, fsr1h, fsr1l, fsr1h, fsr2l, fsr2h, status,2, status,0, pclat, btemp, btemp+1, btemp+2, bt
      +emp+3, btemp+4, btemp+5, btemp+6, btemp+7, btemp+8, btemp+9, btemp+10, btemp+11, tosl, structret, tblptrl, tblptrh, tblp
      +tru, prodl, prodh, bsr, cstack
   422 ;; Tracked objects:
   423 ;;		On entry : 0/0
   424 ;;		On exit  : 0/0
   425 ;;		Unchanged: 0/0
   426 ;; Data sizes:     COMRAM   BANK0   BANK1   BANK2   BANK3   BANK4   BANK5   BANK6   BANK7   BANK8   BANK9  BANK10  BANK1
      +1  BANK12  BANK13  BANK14
   427 ;;      Params:         0       0       0       0       0       0       0       0       0       0       0       0       
      +0       0       0       0
   428 ;;      Locals:         0       0       0       0       0       0       0       0       0       0       0       0       
      +0       0       0       0
   429 ;;      Temps:          0       0       0       0       0       0       0       0       0       0       0       0       
      +0       0       0       0
   430 ;;      Totals:         0       0       0       0       0       0       0       0       0       0       0       0       
      +0       0       0       0
   431 ;;Total ram usage:        0 bytes
   432 ;; Hardware stack levels used:    1
   433 ;; Hardware stack levels required when called:    3
   434 ;; This function calls:
   435 ;;		_Open1USART
   436 ;; This function is called by:
   437 ;;		_main
   438 ;; This function uses a non-reentrant model
   439 ;;
   440                           
   441                           	psect	text2
   442  00016A                     __ptext2:
   443                           	opt stack 0
   444  00016A                     _ConfigureUSART1:
   445                           	opt stack 27
   446                           
   447                           ;system.c: 67: RCSTA1&=0b01001111,TXSTA1bits.TXEN=0,PIE1&=0b11001111;
   448                           
   449                           ;incstack = 0
   450  00016A  0E4F               	movlw	79
   451  00016C  16AB               	andwf	4011,f,c	;volatile
   452  00016E  9AAC               	bcf	4012,5,c	;volatile
   453  000170  0ECF               	movlw	207
   454  000172  169D               	andwf	3997,f,c	;volatile
   455                           
   456                           ;system.c: 68: Open1USART( 0b01111111 | 0b11111111 | 0b11111110 | 0b11111101 | 0b1111111
      +                          1 | 0b11111111, 138);
   457  000174  0E00               	movlw	0
   458  000176  6E21               	movwf	Open1USART@spbrg+1,c
   459  000178  0E8A               	movlw	138
   460  00017A  6E20               	movwf	Open1USART@spbrg,c
   461  00017C  0EFF               	movlw	255
   462  00017E  EC88  F000         	call	_Open1USART
   463  000182  0012               	return	
   464  000184                     __end_of_ConfigureUSART1:
   465                           	opt stack 0
   466                           pclatu	equ	0xFFB
   467                           pclath	equ	0xFFA
   468                           tblptru	equ	0xFF8
   469                           tblptrh	equ	0xFF7
   470                           tblptrl	equ	0xFF6
   471                           tablat	equ	0xFF5
   472                           prodh	equ	0xFF4
   473                           prodl	equ	0xFF3
   474                           fsr0h	equ	0xFEA
   475                           fsr0l	equ	0xFE9
   476                           wreg	equ	0xFE8
   477                           fsr1h	equ	0xFE2
   478                           fsr1l	equ	0xFE1
   479                           bsr	equ	0xFE0
   480                           fsr2h	equ	0xFDA
   481                           fsr2l	equ	0xFD9
   482                           status	equ	0xFD8
   483                           
   484 ;; *************** function _Open1USART *****************
   485 ;; Defined at:
   486 ;;		line 124 in file "C:\Program Files (x86)\Microchip\xc8\v1.30\sources\pic18\plib\USART\u1open.c"
   487 ;; Parameters:    Size  Location     Type
   488 ;;  config          1    wreg     unsigned char 
   489 ;;  spbrg           2   31[COMRAM] unsigned int 
   490 ;; Auto vars:     Size  Location     Type
   491 ;;  config          1   36[COMRAM] unsigned char 
   492 ;; Return value:  Size  Location     Type
   493 ;;		None               void
   494 ;; Registers used:
   495 ;;		wreg, status,2
   496 ;; Tracked objects:
   497 ;;		On entry : 0/0
   498 ;;		On exit  : 0/0
   499 ;;		Unchanged: 0/0
   500 ;; Data sizes:     COMRAM   BANK0   BANK1   BANK2   BANK3   BANK4   BANK5   BANK6   BANK7   BANK8   BANK9  BANK10  BANK1
      +1  BANK12  BANK13  BANK14
   501 ;;      Params:         2       0       0       0       0       0       0       0       0       0       0       0       
      +0       0       0       0
   502 ;;      Locals:         1       0       0       0       0       0       0       0       0       0       0       0       
      +0       0       0       0
   503 ;;      Temps:          3       0       0       0       0       0       0       0       0       0       0       0       
      +0       0       0       0
   504 ;;      Totals:         6       0       0       0       0       0       0       0       0       0       0       0       
      +0       0       0       0
   505 ;;Total ram usage:        6 bytes
   506 ;; Hardware stack levels used:    1
   507 ;; Hardware stack levels required when called:    2
   508 ;; This function calls:
   509 ;;		Nothing
   510 ;; This function is called by:
   511 ;;		_ConfigureUSART1
   512 ;; This function uses a non-reentrant model
   513 ;;
   514                           
   515                           	psect	text3
   516  000110                     __ptext3:
   517                           	opt stack 0
   518  000110                     _Open1USART:
   519                           	opt stack 27
   520                           
   521                           ;incstack = 0
   522                           ;Open1USART@config stored from wreg
   523  000110  CFE8 F025          	movff	wreg,Open1USART@config
   524  000114  0E00               	movlw	0
   525  000116  6EAC               	movwf	4012,c	;volatile
   526  000118  0E00               	movlw	0
   527  00011A  6EAB               	movwf	4011,c	;volatile
   528  00011C  B025               	btfsc	Open1USART@config,0,c
   529  00011E  88AC               	bsf	4012,4,c	;volatile
   530  000120  A225               	btfss	Open1USART@config,1,c
   531  000122  D002               	goto	l901
   532  000124  8CAC               	bsf	4012,6,c	;volatile
   533  000126  8CAB               	bsf	4011,6,c	;volatile
   534  000128                     l901:
   535  000128  B425               	btfsc	Open1USART@config,2,c
   536  00012A  8EAC               	bsf	4012,7,c	;volatile
   537  00012C  A625               	btfss	Open1USART@config,3,c
   538  00012E  D002               	goto	l259
   539  000130  88AB               	bsf	4011,4,c	;volatile
   540  000132  D001               	goto	l909
   541  000134                     l259:
   542  000134  8AAB               	bsf	4011,5,c	;volatile
   543  000136                     l909:
   544  000136  B825               	btfsc	Open1USART@config,4,c
   545  000138  84AC               	bsf	4012,2,c	;volatile
   546  00013A  BA25               	btfsc	Open1USART@config,5,c
   547  00013C  86AB               	bsf	4011,3,c	;volatile
   548  00013E  AC25               	btfss	Open1USART@config,6,c
   549  000140  D002               	goto	l263
   550  000142  8A9D               	bsf	3997,5,c	;volatile
   551  000144  D001               	goto	l921
   552  000146                     l263:
   553  000146  9A9D               	bcf	3997,5,c	;volatile
   554  000148                     l921:
   555  000148  AE25               	btfss	Open1USART@config,7,c
   556  00014A  D002               	goto	l265
   557  00014C  889D               	bsf	3997,4,c	;volatile
   558  00014E  D001               	goto	l266
   559  000150                     l265:
   560  000150  989D               	bcf	3997,4,c	;volatile
   561  000152                     l266:
   562  000152  C020  FFAF         	movff	Open1USART@spbrg,4015	;volatile
   563  000156  C021  F022         	movff	Open1USART@spbrg+1,??_Open1USART
   564  00015A  C022  F023         	movff	??_Open1USART,??_Open1USART+1
   565  00015E  6A24               	clrf	(??_Open1USART+2)& (0+255),c
   566  000160  5023               	movf	??_Open1USART+1,w,c
   567  000162  6E7D               	movwf	3965,c	;volatile
   568  000164  8AAC               	bsf	4012,5,c	;volatile
   569  000166  8EAB               	bsf	4011,7,c	;volatile
   570  000168  0012               	return	
   571  00016A                     __end_of_Open1USART:
   572                           	opt stack 0
   573                           pclatu	equ	0xFFB
   574                           pclath	equ	0xFFA
   575                           tblptru	equ	0xFF8
   576                           tblptrh	equ	0xFF7
   577                           tblptrl	equ	0xFF6
   578                           tablat	equ	0xFF5
   579                           prodh	equ	0xFF4
   580                           prodl	equ	0xFF3
   581                           fsr0h	equ	0xFEA
   582                           fsr0l	equ	0xFE9
   583                           wreg	equ	0xFE8
   584                           fsr1h	equ	0xFE2
   585                           fsr1l	equ	0xFE1
   586                           bsr	equ	0xFE0
   587                           fsr2h	equ	0xFDA
   588                           fsr2l	equ	0xFD9
   589                           status	equ	0xFD8
   590                           
   591 ;; *************** function _ConfigureOscillator *****************
   592 ;; Defined at:
   593 ;;		line 31 in file "system.c"
   594 ;; Parameters:    Size  Location     Type
   595 ;;		None
   596 ;; Auto vars:     Size  Location     Type
   597 ;;		None
   598 ;; Return value:  Size  Location     Type
   599 ;;		None               void
   600 ;; Registers used:
   601 ;;		wreg, status,2
   602 ;; Tracked objects:
   603 ;;		On entry : 0/0
   604 ;;		On exit  : 0/0
   605 ;;		Unchanged: 0/0
   606 ;; Data sizes:     COMRAM   BANK0   BANK1   BANK2   BANK3   BANK4   BANK5   BANK6   BANK7   BANK8   BANK9  BANK10  BANK1
      +1  BANK12  BANK13  BANK14
   607 ;;      Params:         0       0       0       0       0       0       0       0       0       0       0       0       
      +0       0       0       0
   608 ;;      Locals:         0       0       0       0       0       0       0       0       0       0       0       0       
      +0       0       0       0
   609 ;;      Temps:          0       0       0       0       0       0       0       0       0       0       0       0       
      +0       0       0       0
   610 ;;      Totals:         0       0       0       0       0       0       0       0       0       0       0       0       
      +0       0       0       0
   611 ;;Total ram usage:        0 bytes
   612 ;; Hardware stack levels used:    1
   613 ;; Hardware stack levels required when called:    2
   614 ;; This function calls:
   615 ;;		Nothing
   616 ;; This function is called by:
   617 ;;		_main
   618 ;; This function uses a non-reentrant model
   619 ;;
   620                           
   621                           	psect	text4
   622  000196                     __ptext4:
   623                           	opt stack 0
   624  000196                     _ConfigureOscillator:
   625                           	opt stack 28
   626                           
   627                           ;system.c: 34: OSCCONbits.IDLEN=1;
   628                           
   629                           ;incstack = 0
   630  000196  8ED3               	bsf	4051,7,c	;volatile
   631                           
   632                           ;system.c: 35: OSCCONbits.IRCF=0;
   633  000198  98D3               	bcf	4051,4,c	;volatile
   634  00019A  9AD3               	bcf	4051,5,c	;volatile
   635  00019C  9CD3               	bcf	4051,6,c	;volatile
   636                           
   637                           ;system.c: 36: OSCCONbits.SCS=0;
   638  00019E  0EFC               	movlw	-4
   639  0001A0  16D3               	andwf	4051,f,c	;volatile
   640  0001A2  0012               	return	
   641  0001A4                     __end_of_ConfigureOscillator:
   642                           	opt stack 0
   643                           pclatu	equ	0xFFB
   644                           pclath	equ	0xFFA
   645                           tblptru	equ	0xFF8
   646                           tblptrh	equ	0xFF7
   647                           tblptrl	equ	0xFF6
   648                           tablat	equ	0xFF5
   649                           prodh	equ	0xFF4
   650                           prodl	equ	0xFF3
   651                           fsr0h	equ	0xFEA
   652                           fsr0l	equ	0xFE9
   653                           wreg	equ	0xFE8
   654                           fsr1h	equ	0xFE2
   655                           fsr1l	equ	0xFE1
   656                           bsr	equ	0xFE0
   657                           fsr2h	equ	0xFDA
   658                           fsr2l	equ	0xFD9
   659                           status	equ	0xFD8
   660                           
   661 ;; *************** function _CloseADC *****************
   662 ;; Defined at:
   663 ;;		line 23 in file "C:\Program Files (x86)\Microchip\xc8\v1.30\sources\pic18\plib\ADC\adcclose.c"
   664 ;; Parameters:    Size  Location     Type
   665 ;;		None
   666 ;; Auto vars:     Size  Location     Type
   667 ;;		None
   668 ;; Return value:  Size  Location     Type
   669 ;;		None               void
   670 ;; Registers used:
   671 ;;		None
   672 ;; Tracked objects:
   673 ;;		On entry : 0/0
   674 ;;		On exit  : 0/0
   675 ;;		Unchanged: 0/0
   676 ;; Data sizes:     COMRAM   BANK0   BANK1   BANK2   BANK3   BANK4   BANK5   BANK6   BANK7   BANK8   BANK9  BANK10  BANK1
      +1  BANK12  BANK13  BANK14
   677 ;;      Params:         0       0       0       0       0       0       0       0       0       0       0       0       
      +0       0       0       0
   678 ;;      Locals:         0       0       0       0       0       0       0       0       0       0       0       0       
      +0       0       0       0
   679 ;;      Temps:          0       0       0       0       0       0       0       0       0       0       0       0       
      +0       0       0       0
   680 ;;      Totals:         0       0       0       0       0       0       0       0       0       0       0       0       
      +0       0       0       0
   681 ;;Total ram usage:        0 bytes
   682 ;; Hardware stack levels used:    1
   683 ;; Hardware stack levels required when called:    2
   684 ;; This function calls:
   685 ;;		Nothing
   686 ;; This function is called by:
   687 ;;		_main
   688 ;;		_ConfigureAnalog
   689 ;; This function uses a non-reentrant model
   690 ;;
   691                           
   692                           	psect	text5
   693  0001AC                     __ptext5:
   694                           	opt stack 0
   695  0001AC                     _CloseADC:
   696                           	opt stack 28
   697                           
   698                           ;incstack = 0
   699  0001AC  90C2               	bcf	4034,0,c	;volatile
   700  0001AE  9C9D               	bcf	3997,6,c	;volatile
   701  0001B0  0012               	return	
   702  0001B2                     __end_of_CloseADC:
   703                           	opt stack 0
   704                           pclatu	equ	0xFFB
   705                           pclath	equ	0xFFA
   706                           tblptru	equ	0xFF8
   707                           tblptrh	equ	0xFF7
   708                           tblptrl	equ	0xFF6
   709                           tablat	equ	0xFF5
   710                           prodh	equ	0xFF4
   711                           prodl	equ	0xFF3
   712                           fsr0h	equ	0xFEA
   713                           fsr0l	equ	0xFE9
   714                           wreg	equ	0xFE8
   715                           fsr1h	equ	0xFE2
   716                           fsr1l	equ	0xFE1
   717                           bsr	equ	0xFE0
   718                           fsr2h	equ	0xFDA
   719                           fsr2l	equ	0xFD9
   720                           status	equ	0xFD8
   721                           
   722 ;; *************** function _high_isr *****************
   723 ;; Defined at:
   724 ;;		line 27 in file "interrupts.c"
   725 ;; Parameters:    Size  Location     Type
   726 ;;		None
   727 ;; Auto vars:     Size  Location     Type
   728 ;;		None
   729 ;; Return value:  Size  Location     Type
   730 ;;		None               void
   731 ;; Registers used:
   732 ;;		None
   733 ;; Tracked objects:
   734 ;;		On entry : 0/0
   735 ;;		On exit  : 0/0
   736 ;;		Unchanged: 0/0
   737 ;; Data sizes:     COMRAM   BANK0   BANK1   BANK2   BANK3   BANK4   BANK5   BANK6   BANK7   BANK8   BANK9  BANK10  BANK1
      +1  BANK12  BANK13  BANK14
   738 ;;      Params:         0       0       0       0       0       0       0       0       0       0       0       0       
      +0       0       0       0
   739 ;;      Locals:         0       0       0       0       0       0       0       0       0       0       0       0       
      +0       0       0       0
   740 ;;      Temps:         14       0       0       0       0       0       0       0       0       0       0       0       
      +0       0       0       0
   741 ;;      Totals:        14       0       0       0       0       0       0       0       0       0       0       0       
      +0       0       0       0
   742 ;;Total ram usage:       14 bytes
   743 ;; Hardware stack levels used:    1
   744 ;; This function calls:
   745 ;;		Nothing
   746 ;; This function is called by:
   747 ;;		Interrupt level 2
   748 ;; This function uses a non-reentrant model
   749 ;;
   750                           
   751                           	psect	intcode
   752  000008                     __pintcode:
   753                           	opt stack 0
   754  000008                     _high_isr:
   755                           	opt stack 27
   756                           
   757                           ;incstack = 0
   758  000008  CFFA F012          	movff	pclath,??_high_isr
   759  00000C  CFFB F013          	movff	pclatu,??_high_isr+1
   760  000010  EF53  F000         	goto	int_func
   761                           pclatu	equ	0xFFB
   762                           pclath	equ	0xFFA
   763                           tblptru	equ	0xFF8
   764                           tblptrh	equ	0xFF7
   765                           tblptrl	equ	0xFF6
   766                           tablat	equ	0xFF5
   767                           prodh	equ	0xFF4
   768                           prodl	equ	0xFF3
   769                           fsr0h	equ	0xFEA
   770                           fsr0l	equ	0xFE9
   771                           wreg	equ	0xFE8
   772                           fsr1h	equ	0xFE2
   773                           fsr1l	equ	0xFE1
   774                           bsr	equ	0xFE0
   775                           fsr2h	equ	0xFDA
   776                           fsr2l	equ	0xFD9
   777                           status	equ	0xFD8
   778                           
   779                           	psect	intcode_body
   780  0000A6                     __pintcode_body:
   781                           	opt stack 27
   782  0000A6                     int_func:
   783                           	opt stack 27
   784  0000A6  CFE9 F014          	movff	fsr0l,??_high_isr+2
   785  0000AA  CFEA F015          	movff	fsr0h,??_high_isr+3
   786  0000AE  CFE1 F016          	movff	fsr1l,??_high_isr+4
   787  0000B2  CFE2 F017          	movff	fsr1h,??_high_isr+5
   788  0000B6  CFD9 F018          	movff	fsr2l,??_high_isr+6
   789  0000BA  CFDA F019          	movff	fsr2h,??_high_isr+7
   790  0000BE  CFF3 F01A          	movff	prodl,??_high_isr+8
   791  0000C2  CFF4 F01B          	movff	prodh,??_high_isr+9
   792  0000C6  CFF6 F01C          	movff	tblptrl,??_high_isr+10
   793  0000CA  CFF7 F01D          	movff	tblptrh,??_high_isr+11
   794  0000CE  CFF8 F01E          	movff	tblptru,??_high_isr+12
   795  0000D2  CFF5 F01F          	movff	tablat,??_high_isr+13
   796  0000D6  C01F  FFF5         	movff	??_high_isr+13,tablat
   797  0000DA  C01E  FFF8         	movff	??_high_isr+12,tblptru
   798  0000DE  C01D  FFF7         	movff	??_high_isr+11,tblptrh
   799  0000E2  C01C  FFF6         	movff	??_high_isr+10,tblptrl
   800  0000E6  C01B  FFF4         	movff	??_high_isr+9,prodh
   801  0000EA  C01A  FFF3         	movff	??_high_isr+8,prodl
   802  0000EE  C019  FFDA         	movff	??_high_isr+7,fsr2h
   803  0000F2  C018  FFD9         	movff	??_high_isr+6,fsr2l
   804  0000F6  C017  FFE2         	movff	??_high_isr+5,fsr1h
   805  0000FA  C016  FFE1         	movff	??_high_isr+4,fsr1l
   806  0000FE  C015  FFEA         	movff	??_high_isr+3,fsr0h
   807  000102  C014  FFE9         	movff	??_high_isr+2,fsr0l
   808  000106  C013  FFFB         	movff	??_high_isr+1,pclatu
   809  00010A  C012  FFFA         	movff	??_high_isr,pclath
   810  00010E  0011               	retfie		f
   811  000110                     __end_of_high_isr:
   812                           	opt stack 0
   813  0000                     pclatu	equ	0xFFB
   814                           pclath	equ	0xFFA
   815                           tblptru	equ	0xFF8
   816                           tblptrh	equ	0xFF7
   817                           tblptrl	equ	0xFF6
   818                           tablat	equ	0xFF5
   819                           prodh	equ	0xFF4
   820                           prodl	equ	0xFF3
   821                           fsr0h	equ	0xFEA
   822                           fsr0l	equ	0xFE9
   823                           wreg	equ	0xFE8
   824                           fsr1h	equ	0xFE2
   825                           fsr1l	equ	0xFE1
   826                           bsr	equ	0xFE0
   827                           fsr2h	equ	0xFDA
   828                           fsr2l	equ	0xFD9
   829                           status	equ	0xFD8
   830                           pclatu	equ	0xFFB
   831                           pclath	equ	0xFFA
   832                           tblptru	equ	0xFF8
   833                           tblptrh	equ	0xFF7
   834                           tblptrl	equ	0xFF6
   835                           tablat	equ	0xFF5
   836                           prodh	equ	0xFF4
   837                           prodl	equ	0xFF3
   838                           fsr0h	equ	0xFEA
   839                           fsr0l	equ	0xFE9
   840                           wreg	equ	0xFE8
   841                           fsr1h	equ	0xFE2
   842                           fsr1l	equ	0xFE1
   843                           bsr	equ	0xFE0
   844                           fsr2h	equ	0xFDA
   845                           fsr2l	equ	0xFD9
   846                           status	equ	0xFD8
   847                           
   848                           	psect	rparam
   849  0000                     pclatu	equ	0xFFB
   850                           pclath	equ	0xFFA
   851                           tblptru	equ	0xFF8
   852                           tblptrh	equ	0xFF7
   853                           tblptrl	equ	0xFF6
   854                           tablat	equ	0xFF5
   855                           prodh	equ	0xFF4
   856                           prodl	equ	0xFF3
   857                           fsr0h	equ	0xFEA
   858                           fsr0l	equ	0xFE9
   859                           wreg	equ	0xFE8
   860                           fsr1h	equ	0xFE2
   861                           fsr1l	equ	0xFE1
   862                           bsr	equ	0xFE0
   863                           fsr2h	equ	0xFDA
   864                           fsr2l	equ	0xFD9
   865                           status	equ	0xFD8


Data Sizes:
    Strings     0
    Constant    0
    Data        0
    BSS         1
    Persistent  0
    Stack       0

Auto Spaces:
    Space          Size  Autos    Used
    COMRAM           95     37      38
    BANK0           160      0       0
    BANK1           256      0       0
    BANK2           256      0       0
    BANK3           256      0       0
    BANK4           256      0       0
    BANK5           256      0       0
    BANK6           256      0       0
    BANK7           256      0       0
    BANK8           256      0       0
    BANK9           256      0       0
    BANK10          256      0       0
    BANK11          256      0       0
    BANK12          256      0       0
    BANK13          256      0       0
    BANK14           65      0       0

Pointer List with Targets:

    None.

Critical Paths under _main in COMRAM

    _ConfigureUSART1->_Open1USART

Critical Paths under _high_isr in COMRAM

    None.

Critical Paths under _low_isr in COMRAM

    None.

Critical Paths under _main in BANK0

    None.

Critical Paths under _high_isr in BANK0

    None.

Critical Paths under _low_isr in BANK0

    None.

Critical Paths under _main in BANK1

    None.

Critical Paths under _high_isr in BANK1

    None.

Critical Paths under _low_isr in BANK1

    None.

Critical Paths under _main in BANK2

    None.

Critical Paths under _high_isr in BANK2

    None.

Critical Paths under _low_isr in BANK2

    None.

Critical Paths under _main in BANK3

    None.

Critical Paths under _high_isr in BANK3

    None.

Critical Paths under _low_isr in BANK3

    None.

Critical Paths under _main in BANK4

    None.

Critical Paths under _high_isr in BANK4

    None.

Critical Paths under _low_isr in BANK4

    None.

Critical Paths under _main in BANK5

    None.

Critical Paths under _high_isr in BANK5

    None.

Critical Paths under _low_isr in BANK5

    None.

Critical Paths under _main in BANK6

    None.

Critical Paths under _high_isr in BANK6

    None.

Critical Paths under _low_isr in BANK6

    None.

Critical Paths under _main in BANK7

    None.

Critical Paths under _high_isr in BANK7

    None.

Critical Paths under _low_isr in BANK7

    None.

Critical Paths under _main in BANK8

    None.

Critical Paths under _high_isr in BANK8

    None.

Critical Paths under _low_isr in BANK8

    None.

Critical Paths under _main in BANK9

    None.

Critical Paths under _high_isr in BANK9

    None.

Critical Paths under _low_isr in BANK9

    None.

Critical Paths under _main in BANK10

    None.

Critical Paths under _high_isr in BANK10

    None.

Critical Paths under _low_isr in BANK10

    None.

Critical Paths under _main in BANK11

    None.

Critical Paths under _high_isr in BANK11

    None.

Critical Paths under _low_isr in BANK11

    None.

Critical Paths under _main in BANK12

    None.

Critical Paths under _high_isr in BANK12

    None.

Critical Paths under _low_isr in BANK12

    None.

Critical Paths under _main in BANK13

    None.

Critical Paths under _high_isr in BANK13

    None.

Critical Paths under _low_isr in BANK13

    None.

Critical Paths under _main in BANK14

    None.

Critical Paths under _high_isr in BANK14

    None.

Critical Paths under _low_isr in BANK14

    None.

Call Graph Tables:

 ---------------------------------------------------------------------------------
 (Depth) Function   	        Calls       Base Space   Used Autos Params    Refs
 ---------------------------------------------------------------------------------
 (0) _main                                                 0     0      0     203
                           _CloseADC
                _ConfigureOscillator
                    _ConfigureUSART1
                            _InitApp
 ---------------------------------------------------------------------------------
 (1) _InitApp                                              0     0      0       0
 ---------------------------------------------------------------------------------
 (1) _ConfigureUSART1                                      0     0      0     203
                         _Open1USART
 ---------------------------------------------------------------------------------
 (2) _Open1USART                                           6     4      2     203
                                             31 COMRAM     6     4      2
 ---------------------------------------------------------------------------------
 (1) _ConfigureOscillator                                  0     0      0       0
 ---------------------------------------------------------------------------------
 (1) _CloseADC                                             0     0      0       0
 ---------------------------------------------------------------------------------
 Estimated maximum stack depth 2
 ---------------------------------------------------------------------------------
 (Depth) Function   	        Calls       Base Space   Used Autos Params    Refs
 ---------------------------------------------------------------------------------
 (3) _low_isr                                             17    17      0       0
                                              0 COMRAM    17    17      0
 ---------------------------------------------------------------------------------
 Estimated maximum stack depth 3
 ---------------------------------------------------------------------------------
 (Depth) Function   	        Calls       Base Space   Used Autos Params    Refs
 ---------------------------------------------------------------------------------
 (4) _high_isr                                            14    14      0       0
                                             17 COMRAM    14    14      0
 ---------------------------------------------------------------------------------
 Estimated maximum stack depth 4
 ---------------------------------------------------------------------------------

 Call Graph Graphs:

 _main (ROOT)
   _CloseADC
   _ConfigureOscillator
   _ConfigureUSART1
     _Open1USART
   _InitApp

 _low_isr (ROOT)

 _high_isr (ROOT)

 Address spaces:
Name               Size   Autos  Total    Cost      Usage
BIGRAM             E40      0       0      35        0.0%
EEDATA             400      0       0       0        0.0%
BITBANK13          100      0       0      31        0.0%
BANK13             100      0       0      32        0.0%
BITBANK12          100      0       0      29        0.0%
BANK12             100      0       0      30        0.0%
BITBANK11          100      0       0      27        0.0%
BANK11             100      0       0      28        0.0%
BITBANK10          100      0       0      25        0.0%
BANK10             100      0       0      26        0.0%
BITBANK9           100      0       0      23        0.0%
BANK9              100      0       0      24        0.0%
BITBANK8           100      0       0      21        0.0%
BANK8              100      0       0      22        0.0%
BITBANK7           100      0       0      19        0.0%
BANK7              100      0       0      20        0.0%
BITBANK6           100      0       0      17        0.0%
BANK6              100      0       0      18        0.0%
BITBANK5           100      0       0      15        0.0%
BANK5              100      0       0      16        0.0%
BITBANK4           100      0       0      13        0.0%
BANK4              100      0       0      14        0.0%
BITBANK3           100      0       0      11        0.0%
BANK3              100      0       0      12        0.0%
BITBANK2           100      0       0       9        0.0%
BANK2              100      0       0      10        0.0%
BITBANK1           100      0       0       7        0.0%
BANK1              100      0       0       8        0.0%
BITBANK0            A0      0       0       4        0.0%
BANK0               A0      0       0       5        0.0%
BITCOMRAM           5F      0       0       0        0.0%
COMRAM              5F     25      26       1       40.0%
BITBANK14           41      0       0      33        0.0%
BANK14              41      0       0      34        0.0%
BITSFR_2             0      0       0      40        0.0%
SFR_2                0      0       0      40        0.0%
BITSFR_1             0      0       0      40        0.0%
SFR_1                0      0       0      40        0.0%
BITSFR               0      0       0      40        0.0%
SFR                  0      0       0      40        0.0%
STACK                0      0       0       2        0.0%
NULL                 0      0       0       0        0.0%
ABS                  0      0      26       6        0.0%
DATA                 0      0      26       3        0.0%
CODE                 0      0       0       0        0.0%


Microchip Technology PIC18 Macro Assembler V1.30 build 55553 
Symbol Table                                                                                   Mon Jun 16 17:34:08 2014

                          l19 0190                            bsr 000FE0                   __CFG_BORV$3 000000  
                __CFG_CP0$OFF 000000                  __CFG_CP1$OFF 000000                  __CFG_CP2$OFF 000000  
                __CFG_CP3$OFF 000000                           l263 0146                           l265 0150  
                         l266 0152                           l259 0134                           l901 0128  
                         l921 0148                           l909 0136                  __CFG_CPB$OFF 000000  
                __CFG_CPD$OFF 000000                           wreg 000FE8                    _TXSTA1bits 000FAC  
                        _PIE1 000F9D                          _main 0184                          fsr0h 000FEA  
                        fsr1h 000FE2                          fsr0l 000FE9                          fsr2h 000FDA  
                        fsr1l 000FE1                          fsr2l 000FD9                          pclat 000FFA  
                        prodh 000FF4                          prodl 000FF3                          start 00A2  
               __CFG_FOSC$EC2 000000                 __CFG_IESO$OFF 000000                 __CFG_MCLRE$ON 000000  
             __end_of_InitApp 01B4                         ?_main 0001                         _IRXIF 007BBF  
                       _TRISC 000F94                         _TRISD 000F95                         _TRISE 000F96  
         _ConfigureOscillator 0196                 __CFG_WRT0$OFF 000000                 __CFG_WRT1$OFF 000000  
               __CFG_WRT2$OFF 000000                 __CFG_WRT3$OFF 000000                __CFG_EBTR0$OFF 000000  
              __CFG_FCMEN$OFF 000000                __CFG_EBTR1$OFF 000000                __CFG_EBTR2$OFF 000000  
              __CFG_EBTR3$OFF 000000                 __CFG_WRTB$OFF 000000                 __CFG_WRTC$OFF 000000  
               __CFG_WRTD$OFF 000000                __CFG_EBTRB$OFF 000000               __end_of_low_isr 00A2  
                       tablat 000FF5               _ConfigureUSART1 016A                         status 000FD8  
        ?_ConfigureOscillator 0001              __end_of_CloseADC 01B2               __initialization 01A4  
                __end_of_main 0196                    _Open1USART 0110                        ??_main 0026  
               __activetblptr 000000                __CFG_PLLCFG$ON 000000                __CFG_RETEN$OFF 000000  
                      _ADCON0 000FC2                        _ADCON1 000FC1                        _ADCON2 000FC0  
                      _CANCON 000F6F                        _CIOCON 000F70                        _MDSEL0 007B96  
                      _MDSEL1 007B97               __CFG_BBSIZ$BB2K 000000                __CFG_WDTEN$OFF 000000  
                      _RCSTA1 000FAB                        _RXB0IF 007BB8                        _RXB1IF 007BB9  
                      _SPBRG1 000FAF                        _TXSTA1 000FAC                     ??_InitApp 0020  
       ??_ConfigureOscillator 0020                __CFG_XINST$OFF 000000              __end_of_high_isr 0110  
              __CFG_STVREN$ON 000000                     ??_low_isr 0001                        tblptrh 000FF7  
                      tblptrl 000FF6                        tblptru 000FF8       __end_of_ConfigureUSART1 0184  
                  __accesstop 0060       __end_of__initialization 01A6                __pcstackCOMRAM 0001  
                 ?_Open1USART 0020                     ?_CloseADC 0001          __ECANRxFilterHitInfo 0026  
                     _CANSTAT 000F6E                       _BRGCON1 000E43                       _BRGCON2 000E44  
                     _BRGCON3 000E45              Open1USART@config 0025              __CFG_CANMX$PORTB 000000  
                     _RXB0CON 000F60                       _RXB1CON 000F30                       _RXB0FUL 007B07  
                     _RXB1FUL 007987                       _SPBRGH1 000F7D                    ??_CloseADC 0020  
            ?_ConfigureUSART1 0001                       _TXB0CON 000F20                       _TXB1CON 000F10  
                     _TXB2CON 000F00                     ?_high_isr 0001           __size_of_Open1USART 005A  
                     _InitApp 01B2               __CFG_PWRTEN$OFF 000000                       __Hparam 0000  
                     __Lparam 0000                       __pcinit 01A4                       __ramtop 0F00  
                     __ptext0 0184                       __ptext1 01B2                       __ptext2 016A  
                     __ptext3 0110                       __ptext4 0196                       __ptext5 01AC  
           __CFG_MSSPMSK$MSK7 000000                       _low_isr 0018                    ??_high_isr 0012  
              __pintcode_body 00A6          end_of_initialization 01A6                       int_func 00A6  
                   _RXM0EXIDM 0077CB                     _PORTCbits 000F82                     _PORTDbits 000F83  
                   _PORTEbits 000F84             __CFG_SOSCSEL$HIGH 000000   __end_of_ConfigureOscillator 01A4  
                ??_Open1USART 0022           start_initialization 01A4             __size_of_CloseADC 0006  
          __end_of_Open1USART 016A                   __pbssCOMRAM 0026             __size_of_high_isr 0108  
                    ?_InitApp 0001                     __pintcode 0008                   __pintcodelo 0018  
             Open1USART@spbrg 0020                      ?_low_isr 0001      __size_of_ConfigureUSART1 001A  
                    _PIE1bits 000F9D                      _PIR1bits 000F9E                      _RXB0OVFL 007B8F  
                    _RXB1OVFL 007B8E                      _RXF0SIDH 000EE0                      _RXF0SIDL 000EE1  
                    _RXF1SIDH 000EE4                      _RXF1SIDL 000EE5                      _RXF2SIDH 000EE8  
                    _RXF2SIDL 000EE9                      _RXF3SIDH 000EEC                      _RXF3SIDL 000EED  
                    _RXF4SIDH 000EF0                      _RXF4SIDL 000EF1                      _RXF5SIDH 000EF4  
                    _RXF5SIDL 000EF5                      _RXM0SIDH 000EF8                      _RXBODBEN 007B02  
                    _RXM0SIDL 000EF9                      _RXM1SIDH 000EFC                      _RXM1SIDL 000EFD  
                  _ADCON0bits 000FC2                      _CloseADC 01AC              __size_of_InitApp 0002  
                    __Hrparam 0000                      __Lrparam 0000            __CFG_BOREN$SBORDIS 000000  
            __size_of_low_isr 008A                      _high_isr 0008                 __size_of_main 0012  
__size_of_ConfigureOscillator 000E             ??_ConfigureUSART1 0026                   _RXB0FILHIT0 007B00  
         __CFG_INTOSCSEL$HIGH 000000                    _INTCONbits 000FF2              ecanpoll@RXBODBEN 007B02  
                    intlevel1 0000                      intlevel2 0000                    _RCSTA1bits 000FAB  
                  _OSCCONbits 000FD3            __CFG_WDTPS$1048576 000000                    _RXM1EXIDEN 0077EB  
         __CFG_BORPWR$ZPBORMV 000000  
